<?xml version="1.0" encoding="UTF-8"?>
<testng-results ignored="0" total="1" passed="1" failed="0" skipped="0">
  <reporter-output>
  </reporter-output>
  <suite started-at="2024-07-15T02:01:20 IST" name="Default suite" finished-at="2024-07-15T02:01:23 IST" duration-ms="2546">
    <groups>
    </groups>
    <test started-at="2024-07-15T02:01:20 IST" name="Default test" finished-at="2024-07-15T02:01:23 IST" duration-ms="2546">
      <class name="apiTestCases.Test_postMethod">
        <test-method signature="Test03()[pri:0, instance:apiTestCases.Test_postMethod@1ffaf86]" started-at="2024-07-15T02:01:20 IST" name="Test03" finished-at="2024-07-15T02:01:23 IST" duration-ms="2490" status="PASS">
          <reporter-output>
          </reporter-output>
        </test-method> <!-- Test03 -->
      </class> <!-- apiTestCases.Test_postMethod -->
    </test> <!-- Default test -->
  </suite> <!-- Default suite -->
</testng-results>
